2011-03-13 19:03:18.128 GMT Thread[btpool0-0,5,main] Cleanup action starting
java.sql.SQLException: Database '/var/lib/tomcat6/webapps/SourceAgile/data' not found.
	at org.apache.derby.impl.jdbc.SQLExceptionFactory40.getSQLException(Unknown Source)
	at org.apache.derby.impl.jdbc.Util.newEmbedSQLException(Unknown Source)
	at org.apache.derby.impl.jdbc.Util.newEmbedSQLException(Unknown Source)
	at org.apache.derby.impl.jdbc.Util.generateCsSQLException(Unknown Source)
	at org.apache.derby.impl.jdbc.EmbedConnection.newSQLException(Unknown Source)
	at org.apache.derby.impl.jdbc.EmbedConnection.handleDBNotFound(Unknown Source)
	at org.apache.derby.impl.jdbc.EmbedConnection.<init>(Unknown Source)
	at org.apache.derby.impl.jdbc.EmbedConnection30.<init>(Unknown Source)
	at org.apache.derby.impl.jdbc.EmbedConnection40.<init>(Unknown Source)
	at org.apache.derby.jdbc.Driver40.getNewEmbedConnection(Unknown Source)
	at org.apache.derby.jdbc.InternalDriver.connect(Unknown Source)
	at org.apache.derby.jdbc.EmbeddedDriver.connect(Unknown Source)
	at org.datanucleus.store.rdbms.datasource.DriverManagerDataSource.getConnection(DriverManagerDataSource.java:142)
	at org.datanucleus.store.rdbms.datasource.DriverManagerDataSource.getConnection(DriverManagerDataSource.java:118)
	at org.datanucleus.store.rdbms.ConnectionFactoryImpl$ManagedConnectionImpl.getConnection(ConnectionFactoryImpl.java:436)
	at org.datanucleus.store.rdbms.RDBMSStoreManager.<init>(RDBMSStoreManager.java:264)
	at sun.reflect.NativeConstructorAccessorImpl.newInstance0(Native Method)
	at sun.reflect.NativeConstructorAccessorImpl.newInstance(Unknown Source)
	at sun.reflect.DelegatingConstructorAccessorImpl.newInstance(Unknown Source)
	at java.lang.reflect.Constructor.newInstance(Unknown Source)
	at org.datanucleus.plugin.NonManagedPluginRegistry.createExecutableExtension(NonManagedPluginRegistry.java:597)
	at org.datanucleus.plugin.PluginManager.createExecutableExtension(PluginManager.java:300)
	at org.datanucleus.ObjectManagerFactoryImpl.initialiseStoreManager(ObjectManagerFactoryImpl.java:233)
	at org.datanucleus.jdo.JDOPersistenceManagerFactory.freezeConfiguration(JDOPersistenceManagerFactory.java:587)
	at org.datanucleus.jdo.JDOPersistenceManagerFactory.createPersistenceManagerFactory(JDOPersistenceManagerFactory.java:290)
	at org.datanucleus.jdo.JDOPersistenceManagerFactory.getPersistenceManagerFactory(JDOPersistenceManagerFactory.java:186)
	at sun.reflect.NativeMethodAccessorImpl.invoke0(Native Method)
	at sun.reflect.NativeMethodAccessorImpl.invoke(Unknown Source)
	at sun.reflect.DelegatingMethodAccessorImpl.invoke(Unknown Source)
	at java.lang.reflect.Method.invoke(Unknown Source)
	at javax.jdo.JDOHelper$16.run(JDOHelper.java:1965)
	at java.security.AccessController.doPrivileged(Native Method)
	at javax.jdo.JDOHelper.invoke(JDOHelper.java:1960)
	at javax.jdo.JDOHelper.invokeGetPersistenceManagerFactoryOnImplementation(JDOHelper.java:1166)
	at javax.jdo.JDOHelper.getPersistenceManagerFactory(JDOHelper.java:808)
	at javax.jdo.JDOHelper.getPersistenceManagerFactory(JDOHelper.java:701)
	at sourceagile.server.databaseAccess.DatabaseConnection.connect(DatabaseConnection.java:63)
	at sourceagile.server.databaseAccess.Project.ProjectDatabaseAccessImplementation.listProjects(ProjectDatabaseAccessImplementation.java:26)
	at sun.reflect.NativeMethodAccessorImpl.invoke0(Native Method)
	at sun.reflect.NativeMethodAccessorImpl.invoke(Unknown Source)
	at sun.reflect.DelegatingMethodAccessorImpl.invoke(Unknown Source)
	at java.lang.reflect.Method.invoke(Unknown Source)
	at com.google.gwt.user.server.rpc.RPC.invokeAndEncodeResponse(RPC.java:569)
	at com.google.gwt.user.server.rpc.RemoteServiceServlet.processCall(RemoteServiceServlet.java:208)
	at com.google.gwt.user.server.rpc.RemoteServiceServlet.processPost(RemoteServiceServlet.java:248)
	at com.google.gwt.user.server.rpc.AbstractRemoteServiceServlet.doPost(AbstractRemoteServiceServlet.java:62)
	at javax.servlet.http.HttpServlet.service(HttpServlet.java:637)
	at javax.servlet.http.HttpServlet.service(HttpServlet.java:717)
	at org.mortbay.jetty.servlet.ServletHolder.handle(ServletHolder.java:487)
	at org.mortbay.jetty.servlet.ServletHandler.handle(ServletHandler.java:362)
	at org.mortbay.jetty.security.SecurityHandler.handle(SecurityHandler.java:216)
	at org.mortbay.jetty.servlet.SessionHandler.handle(SessionHandler.java:181)
	at org.mortbay.jetty.handler.ContextHandler.handle(ContextHandler.java:729)
	at org.mortbay.jetty.webapp.WebAppContext.handle(WebAppContext.java:405)
	at org.mortbay.jetty.handler.HandlerWrapper.handle(HandlerWrapper.java:152)
	at org.mortbay.jetty.handler.RequestLogHandler.handle(RequestLogHandler.java:49)
	at org.mortbay.jetty.handler.HandlerWrapper.handle(HandlerWrapper.java:152)
	at org.mortbay.jetty.Server.handle(Server.java:324)
	at org.mortbay.jetty.HttpConnection.handleRequest(HttpConnection.java:505)
	at org.mortbay.jetty.HttpConnection$RequestHandler.content(HttpConnection.java:843)
	at org.mortbay.jetty.HttpParser.parseNext(HttpParser.java:647)
	at org.mortbay.jetty.HttpParser.parseAvailable(HttpParser.java:205)
	at org.mortbay.jetty.HttpConnection.handle(HttpConnection.java:380)
	at org.mortbay.io.nio.SelectChannelEndPoint.run(SelectChannelEndPoint.java:395)
	at org.mortbay.thread.QueuedThreadPool$PoolThread.run(QueuedThreadPool.java:488)
Caused by: java.sql.SQLException: Database '/var/lib/tomcat6/webapps/SourceAgile/data' not found.
	at org.apache.derby.impl.jdbc.SQLExceptionFactory.getSQLException(Unknown Source)
	at org.apache.derby.impl.jdbc.SQLExceptionFactory40.wrapArgsForTransportAcrossDRDA(Unknown Source)
	... 65 more
============= begin nested exception, level (1) ===========
java.sql.SQLException: Database '/var/lib/tomcat6/webapps/SourceAgile/data' not found.
	at org.apache.derby.impl.jdbc.SQLExceptionFactory.getSQLException(Unknown Source)
	at org.apache.derby.impl.jdbc.SQLExceptionFactory40.wrapArgsForTransportAcrossDRDA(Unknown Source)
	at org.apache.derby.impl.jdbc.SQLExceptionFactory40.getSQLException(Unknown Source)
	at org.apache.derby.impl.jdbc.Util.newEmbedSQLException(Unknown Source)
	at org.apache.derby.impl.jdbc.Util.newEmbedSQLException(Unknown Source)
	at org.apache.derby.impl.jdbc.Util.generateCsSQLException(Unknown Source)
	at org.apache.derby.impl.jdbc.EmbedConnection.newSQLException(Unknown Source)
	at org.apache.derby.impl.jdbc.EmbedConnection.handleDBNotFound(Unknown Source)
	at org.apache.derby.impl.jdbc.EmbedConnection.<init>(Unknown Source)
	at org.apache.derby.impl.jdbc.EmbedConnection30.<init>(Unknown Source)
	at org.apache.derby.impl.jdbc.EmbedConnection40.<init>(Unknown Source)
	at org.apache.derby.jdbc.Driver40.getNewEmbedConnection(Unknown Source)
	at org.apache.derby.jdbc.InternalDriver.connect(Unknown Source)
	at org.apache.derby.jdbc.EmbeddedDriver.connect(Unknown Source)
	at org.datanucleus.store.rdbms.datasource.DriverManagerDataSource.getConnection(DriverManagerDataSource.java:142)
	at org.datanucleus.store.rdbms.datasource.DriverManagerDataSource.getConnection(DriverManagerDataSource.java:118)
	at org.datanucleus.store.rdbms.ConnectionFactoryImpl$ManagedConnectionImpl.getConnection(ConnectionFactoryImpl.java:436)
	at org.datanucleus.store.rdbms.RDBMSStoreManager.<init>(RDBMSStoreManager.java:264)
	at sun.reflect.NativeConstructorAccessorImpl.newInstance0(Native Method)
	at sun.reflect.NativeConstructorAccessorImpl.newInstance(Unknown Source)
	at sun.reflect.DelegatingConstructorAccessorImpl.newInstance(Unknown Source)
	at java.lang.reflect.Constructor.newInstance(Unknown Source)
	at org.datanucleus.plugin.NonManagedPluginRegistry.createExecutableExtension(NonManagedPluginRegistry.java:597)
	at org.datanucleus.plugin.PluginManager.createExecutableExtension(PluginManager.java:300)
	at org.datanucleus.ObjectManagerFactoryImpl.initialiseStoreManager(ObjectManagerFactoryImpl.java:233)
	at org.datanucleus.jdo.JDOPersistenceManagerFactory.freezeConfiguration(JDOPersistenceManagerFactory.java:587)
	at org.datanucleus.jdo.JDOPersistenceManagerFactory.createPersistenceManagerFactory(JDOPersistenceManagerFactory.java:290)
	at org.datanucleus.jdo.JDOPersistenceManagerFactory.getPersistenceManagerFactory(JDOPersistenceManagerFactory.java:186)
	at sun.reflect.NativeMethodAccessorImpl.invoke0(Native Method)
	at sun.reflect.NativeMethodAccessorImpl.invoke(Unknown Source)
	at sun.reflect.DelegatingMethodAccessorImpl.invoke(Unknown Source)
	at java.lang.reflect.Method.invoke(Unknown Source)
	at javax.jdo.JDOHelper$16.run(JDOHelper.java:1965)
	at java.security.AccessController.doPrivileged(Native Method)
	at javax.jdo.JDOHelper.invoke(JDOHelper.java:1960)
	at javax.jdo.JDOHelper.invokeGetPersistenceManagerFactoryOnImplementation(JDOHelper.java:1166)
	at javax.jdo.JDOHelper.getPersistenceManagerFactory(JDOHelper.java:808)
	at javax.jdo.JDOHelper.getPersistenceManagerFactory(JDOHelper.java:701)
	at sourceagile.server.databaseAccess.DatabaseConnection.connect(DatabaseConnection.java:63)
	at sourceagile.server.databaseAccess.Project.ProjectDatabaseAccessImplementation.listProjects(ProjectDatabaseAccessImplementation.java:26)
	at sun.reflect.NativeMethodAccessorImpl.invoke0(Native Method)
	at sun.reflect.NativeMethodAccessorImpl.invoke(Unknown Source)
	at sun.reflect.DelegatingMethodAccessorImpl.invoke(Unknown Source)
	at java.lang.reflect.Method.invoke(Unknown Source)
	at com.google.gwt.user.server.rpc.RPC.invokeAndEncodeResponse(RPC.java:569)
	at com.google.gwt.user.server.rpc.RemoteServiceServlet.processCall(RemoteServiceServlet.java:208)
	at com.google.gwt.user.server.rpc.RemoteServiceServlet.processPost(RemoteServiceServlet.java:248)
	at com.google.gwt.user.server.rpc.AbstractRemoteServiceServlet.doPost(AbstractRemoteServiceServlet.java:62)
	at javax.servlet.http.HttpServlet.service(HttpServlet.java:637)
	at javax.servlet.http.HttpServlet.service(HttpServlet.java:717)
	at org.mortbay.jetty.servlet.ServletHolder.handle(ServletHolder.java:487)
	at org.mortbay.jetty.servlet.ServletHandler.handle(ServletHandler.java:362)
	at org.mortbay.jetty.security.SecurityHandler.handle(SecurityHandler.java:216)
	at org.mortbay.jetty.servlet.SessionHandler.handle(SessionHandler.java:181)
	at org.mortbay.jetty.handler.ContextHandler.handle(ContextHandler.java:729)
	at org.mortbay.jetty.webapp.WebAppContext.handle(WebAppContext.java:405)
	at org.mortbay.jetty.handler.HandlerWrapper.handle(HandlerWrapper.java:152)
	at org.mortbay.jetty.handler.RequestLogHandler.handle(RequestLogHandler.java:49)
	at org.mortbay.jetty.handler.HandlerWrapper.handle(HandlerWrapper.java:152)
	at org.mortbay.jetty.Server.handle(Server.java:324)
	at org.mortbay.jetty.HttpConnection.handleRequest(HttpConnection.java:505)
	at org.mortbay.jetty.HttpConnection$RequestHandler.content(HttpConnection.java:843)
	at org.mortbay.jetty.HttpParser.parseNext(HttpParser.java:647)
	at org.mortbay.jetty.HttpParser.parseAvailable(HttpParser.java:205)
	at org.mortbay.jetty.HttpConnection.handle(HttpConnection.java:380)
	at org.mortbay.io.nio.SelectChannelEndPoint.run(SelectChannelEndPoint.java:395)
	at org.mortbay.thread.QueuedThreadPool$PoolThread.run(QueuedThreadPool.java:488)
============= end nested exception, level (1) ===========
Cleanup action completed
